<?xml version="1.0" encoding="UTF-8"?>
<!-- Generated by org.testng.reporters.JUnitXMLReporter -->
<testsuite hostname="kartikey" ignored="0" name="Chrome test" tests="1" failures="1" timestamp="17 Nov 2019 15:38:12 GMT" time="4.908" errors="0">
  <testcase name="invokeBrowser" time="4.858" classname="TestNG.MultiBrowserParallerTesting">
    <failure type="org.openqa.selenium.SessionNotCreatedException" message="session not created: This version of ChromeDriver only supports Chrome version 76
Build info: version: &amp;apos;3.141.59&amp;apos;, revision: &amp;apos;e82be7d358&amp;apos;, time: &amp;apos;2018-11-14T08:25:48&amp;apos;
System info: host: &amp;apos;KARTIKEY&amp;apos;, ip: &amp;apos;192.168.1.12&amp;apos;, os.name: &amp;apos;Windows 10&amp;apos;, os.arch: &amp;apos;amd64&amp;apos;, os.version: &amp;apos;10.0&amp;apos;, java.version: &amp;apos;1.8.0_211&amp;apos;
Driver info: driver.version: ChromeDriver
remote stacktrace: Backtrace:
	Ordinal0 [0x003D7C93+1473683]
	Ordinal0 [0x0035ADB1+961969]
	Ordinal0 [0x002E42E3+475875]
	Ordinal0 [0x0027F365+62309]
	Ordinal0 [0x0027BC77+48247]
	Ordinal0 [0x00299149+168265]
	Ordinal0 [0x00298D1D+167197]
	Ordinal0 [0x0029742B+160811]
	Ordinal0 [0x00280AE6+68326]
	Ordinal0 [0x00281BF0+72688]
	Ordinal0 [0x00281B89+72585]
	Ordinal0 [0x00374B77+1067895]
	GetHandleVerifier [0x00476875+506677]
	GetHandleVerifier [0x00476610+506064]
	GetHandleVerifier [0x0047D1B8+533624]
	GetHandleVerifier [0x0047704A+508682]
	Ordinal0 [0x0036C266+1032806]
	Ordinal0 [0x0036C0DF+1032415]
	Ordinal0 [0x00376A8B+1075851]
	Ordinal0 [0x00376BF3+1076211]
	Ordinal0 [0x00375BA5+1072037]
	BaseThreadInitThunk [0x755E6359+25]
	RtlGetAppContainerNamedObjectPath [0x778F7B74+228]
	RtlGetAppContainerNamedObjectPath [0x778F7B44+180]
">
      <![CDATA[org.openqa.selenium.SessionNotCreatedException: session not created: This version of ChromeDriver only supports Chrome version 76
Build info: version: '3.141.59', revision: 'e82be7d358', time: '2018-11-14T08:25:48'
System info: host: 'KARTIKEY', ip: '192.168.1.12', os.name: 'Windows 10', os.arch: 'amd64', os.version: '10.0', java.version: '1.8.0_211'
Driver info: driver.version: ChromeDriver
remote stacktrace: Backtrace:
Ordinal0 [0x003D7C93+1473683]
Ordinal0 [0x0035ADB1+961969]
Ordinal0 [0x002E42E3+475875]
Ordinal0 [0x0027F365+62309]
Ordinal0 [0x0027BC77+48247]
Ordinal0 [0x00299149+168265]
Ordinal0 [0x00298D1D+167197]
Ordinal0 [0x0029742B+160811]
Ordinal0 [0x00280AE6+68326]
Ordinal0 [0x00281BF0+72688]
Ordinal0 [0x00281B89+72585]
Ordinal0 [0x00374B77+1067895]
GetHandleVerifier [0x00476875+506677]
GetHandleVerifier [0x00476610+506064]
GetHandleVerifier [0x0047D1B8+533624]
GetHandleVerifier [0x0047704A+508682]
Ordinal0 [0x0036C266+1032806]
Ordinal0 [0x0036C0DF+1032415]
Ordinal0 [0x00376A8B+1075851]
Ordinal0 [0x00376BF3+1076211]
Ordinal0 [0x00375BA5+1072037]
BaseThreadInitThunk [0x755E6359+25]
RtlGetAppContainerNamedObjectPath [0x778F7B74+228]
RtlGetAppContainerNamedObjectPath [0x778F7B44+180]

at org.openqa.selenium.remote.W3CHandshakeResponse.lambda$errorHandler$0(W3CHandshakeResponse.java:62)
at org.openqa.selenium.remote.HandshakeResponse.lambda$getResponseFunction$0(HandshakeResponse.java:30)
at org.openqa.selenium.remote.ProtocolHandshake.lambda$createSession$0(ProtocolHandshake.java:126)
at java.util.stream.ReferencePipeline$3$1.accept(Unknown Source)
at java.util.Spliterators$ArraySpliterator.tryAdvance(Unknown Source)
at java.util.stream.ReferencePipeline.forEachWithCancel(Unknown Source)
at java.util.stream.AbstractPipeline.copyIntoWithCancel(Unknown Source)
at java.util.stream.AbstractPipeline.copyInto(Unknown Source)
at java.util.stream.AbstractPipeline.wrapAndCopyInto(Unknown Source)
at java.util.stream.FindOps$FindOp.evaluateSequential(Unknown Source)
at java.util.stream.AbstractPipeline.evaluate(Unknown Source)
at java.util.stream.ReferencePipeline.findFirst(Unknown Source)
at org.openqa.selenium.remote.ProtocolHandshake.createSession(ProtocolHandshake.java:128)
at org.openqa.selenium.remote.ProtocolHandshake.createSession(ProtocolHandshake.java:74)
at org.openqa.selenium.remote.HttpCommandExecutor.execute(HttpCommandExecutor.java:136)
at org.openqa.selenium.remote.service.DriverCommandExecutor.execute(DriverCommandExecutor.java:83)
at org.openqa.selenium.remote.RemoteWebDriver.execute(RemoteWebDriver.java:552)
at org.openqa.selenium.remote.RemoteWebDriver.startSession(RemoteWebDriver.java:213)
at org.openqa.selenium.remote.RemoteWebDriver.<init>(RemoteWebDriver.java:131)
at org.openqa.selenium.chrome.ChromeDriver.<init>(ChromeDriver.java:181)
at org.openqa.selenium.chrome.ChromeDriver.<init>(ChromeDriver.java:168)
at org.openqa.selenium.chrome.ChromeDriver.<init>(ChromeDriver.java:123)
at TestNG.MultiBrowserParallerTesting.invokeBrowser(MultiBrowserParallerTesting.java:23)
at java.util.concurrent.FutureTask.run(Unknown Source)
at java.util.concurrent.ThreadPoolExecutor.runWorker(Unknown Source)
at java.util.concurrent.ThreadPoolExecutor$Worker.run(Unknown Source)
at java.lang.Thread.run(Unknown Source)
... Removed 20 stack frames]]>
    </failure>
  </testcase> <!-- invokeBrowser -->
</testsuite> <!-- Chrome test -->
